-------------------------------------------------------------------
         SDDP.jl (c) Oscar Dowson and contributors, 2017-25
-------------------------------------------------------------------
problem
  nodes           : 12
  state variables : 18
  scenarios       : 1.00000e+12
  existing cuts   : false
options
  solver          : Threaded()
  risk measure    : SDDP.Expectation()
  sampling scheme : SDDP.InSampleMonteCarlo
subproblem structure
  VariableRef                             : [1048, 1048]
  AffExpr in MOI.EqualTo{Float64}         : [12, 12]
  AffExpr in MOI.LessThan{Float64}        : [52, 52]
  VariableRef in MOI.GreaterThan{Float64} : [1018, 1018]
  VariableRef in MOI.LessThan{Float64}    : [1, 1]
numerical stability report
  matrix range     [1e+00, 1e+00]
  objective range  [1e+00, 3e+01]
  bounds range     [0e+00, 0e+00]
  rhs range        [4e+01, 1e+04]
-------------------------------------------------------------------
 iteration    simulation      bound        time (s)     solves  pid
-------------------------------------------------------------------
-------------------------------------------------------------------
         SDDP.jl (c) Oscar Dowson and contributors, 2017-25
-------------------------------------------------------------------
problem
  nodes           : 12
  state variables : 18
  scenarios       : 1.00000e+12
  existing cuts   : false
options
  solver          : Threaded()
  risk measure    : SDDP.Expectation()
  sampling scheme : SDDP.InSampleMonteCarlo
subproblem structure
  VariableRef                             : [1048, 1048]
  AffExpr in MOI.EqualTo{Float64}         : [12, 12]
  AffExpr in MOI.LessThan{Float64}        : [52, 52]
  VariableRef in MOI.GreaterThan{Float64} : [1018, 1018]
  VariableRef in MOI.LessThan{Float64}    : [1, 1]
numerical stability report
  matrix range     [1e+00, 1e+00]
  objective range  [1e+00, 3e+01]
  bounds range     [0e+00, 0e+00]
  rhs range        [4e+01, 1e+04]
-------------------------------------------------------------------
 iteration    simulation      bound        time (s)     solves  pid
-------------------------------------------------------------------
         1   3.902381e+07  1.054082e+05  3.122652e+00       132   2
        10   1.481724e+06  1.435772e+06  4.176688e+00      1320   2
        24   1.380506e+06  1.435854e+06  5.210703e+00      3168   2
        38   1.484175e+06  1.435856e+06  6.256695e+00      5016   2
        51   1.524351e+06  1.435858e+06  7.285447e+00      6732   2
        63   1.493707e+06  1.435859e+06  8.305146e+00      8316   2
        75   1.476364e+06  1.435859e+06  9.311651e+00      9900   2
       100   1.403492e+06  1.435860e+06  1.146694e+01     13200   2
-------------------------------------------------------------------
status         : iteration_limit
total time (s) : 1.146694e+01
total solves   : 13200
best bound     :  1.435860e+06
simulation ci  :  1.813399e+06 ± 7.368524e+05
numeric issues : 3
-------------------------------------------------------------------

